\BOOKMARK [0][-]{chapter.1}{\332vod}{}% 1
\BOOKMARK [1][-]{section.1.1}{ Ciel pr\341ce}{chapter.1}% 2
\BOOKMARK [1][-]{section.1.2}{ Clenenie pr\341ce}{chapter.1}% 3
\BOOKMARK [0][-]{chapter.2}{Bajtk\363d}{}% 4
\BOOKMARK [1][-]{section.2.1}{ \227trukt\372ra class s\372boru}{chapter.2}% 5
\BOOKMARK [2][-]{subsection.2.1.1}{ Reprezent\341cia d\341tov\375ch typov}{section.2.1}% 6
\BOOKMARK [2][-]{subsection.2.1.2}{ Premenn\351 tried a in\235tanci\355}{section.2.1}% 7
\BOOKMARK [2][-]{subsection.2.1.3}{ Met\363dy}{section.2.1}% 8
\BOOKMARK [2][-]{subsection.2.1.4}{ Atrib\372ty}{section.2.1}% 9
\BOOKMARK [1][-]{section.2.2}{ In\235trukcie JVM}{chapter.2}% 10
\BOOKMARK [2][-]{subsection.2.2.1}{ D\341tov\351 typy}{section.2.2}% 11
\BOOKMARK [2][-]{subsection.2.2.2}{ Architekt\372ra a in\235trukcn\341 sada}{section.2.2}% 12
\BOOKMARK [0][-]{chapter.3}{Classloadery}{}% 13
\BOOKMARK [1][-]{subsection.3.0.3}{ Dynamick\351 nac\355tavanie tried}{chapter.3}% 14
\BOOKMARK [2][-]{subsection.3.0.4}{ Znovunac\355tanie triedy}{subsection.3.0.3}% 15
\BOOKMARK [0][-]{chapter.4}{Byteman}{}% 16
\BOOKMARK [1][-]{section.4.1}{ Byteman Agent}{chapter.4}% 17
\BOOKMARK [1][-]{section.4.2}{ \227trukt\372ra jazyka pravidel}{chapter.4}% 18
\BOOKMARK [2][-]{subsection.4.2.1}{ Udalosti}{section.4.2}% 19
\BOOKMARK [2][-]{subsection.4.2.2}{ Z\341vislosti}{section.4.2}% 20
\BOOKMARK [2][-]{subsection.4.2.3}{ V\375razy}{section.4.2}% 21
\BOOKMARK [2][-]{subsection.4.2.4}{ Akcie}{section.4.2}% 22
\BOOKMARK [2][-]{subsection.4.2.5}{ Vstavan\351 volania}{section.4.2}% 23
\BOOKMARK [0][-]{chapter.5}{Javasist}{}% 24
\BOOKMARK [1][-]{section.5.1}{ Frozen classes}{chapter.5}% 25
\BOOKMARK [1][-]{section.5.2}{ ClassLoadery v Javassist}{chapter.5}% 26
\BOOKMARK [1][-]{section.5.3}{ Modifik\341cie}{chapter.5}% 27
\BOOKMARK [1][-]{section.5.4}{ Bytecode level API in Javassist}{chapter.5}% 28
\BOOKMARK [0][-]{chapter.6}{Porovnanie}{}% 29
\BOOKMARK [0][-]{chapter.7}{Praktick\351 uk\341\236ky}{}% 30
\BOOKMARK [1][-]{section.7.1}{ Detekcia volania v\375nimiek}{chapter.7}% 31
\BOOKMARK [1][-]{section.7.2}{ Detekcia nespr\341vneho o\235etrenia v\375nimiek}{chapter.7}% 32
\BOOKMARK [1][-]{section.7.3}{ Zlep\235enie a zprehladnenie produkcn\351ho k\363du}{chapter.7}% 33
\BOOKMARK [1][-]{section.7.4}{ Optimaliz\341cia neefekt\355vnych cast\355 k\363du}{chapter.7}% 34
\BOOKMARK [0][-]{section.7.4}{Literat\372ra}{}% 35
\BOOKMARK [0][-]{appendix.A}{Tabulky}{}% 36
